<?xml version="1.0" encoding="UTF-8"?>
<testng-results skipped="0" failed="0" total="1" passed="1">
  <reporter-output>
  </reporter-output>
  <suite name="Default suite" duration-ms="2492" started-at="2023-03-20T10:49:44Z" finished-at="2023-03-20T10:49:46Z">
    <groups>
    </groups>
    <test name="Default test" duration-ms="2492" started-at="2023-03-20T10:49:44Z" finished-at="2023-03-20T10:49:46Z">
      <class name="Banqsoft.bankwinapp.winappclass">
        <test-method status="PASS" signature="setUp()[pri:0, instance:Banqsoft.bankwinapp.winappclass@6b71769e]" name="setUp" is-config="true" duration-ms="1280" started-at="2023-03-20T16:19:44Z" finished-at="2023-03-20T16:19:45Z">
          <reporter-output>
          </reporter-output>
        </test-method> <!-- setUp -->
        <test-method status="PASS" signature="testapplication()[pri:0, instance:Banqsoft.bankwinapp.winappclass@6b71769e]" name="testapplication" duration-ms="1193" started-at="2023-03-20T16:19:45Z" finished-at="2023-03-20T16:19:46Z">
          <reporter-output>
          </reporter-output>
        </test-method> <!-- testapplication -->
        <test-method status="PASS" signature="tearDown()[pri:0, instance:Banqsoft.bankwinapp.winappclass@6b71769e]" name="tearDown" is-config="true" duration-ms="59" started-at="2023-03-20T16:19:46Z" finished-at="2023-03-20T16:19:46Z">
          <reporter-output>
          </reporter-output>
        </test-method> <!-- tearDown -->
      </class> <!-- Banqsoft.bankwinapp.winappclass -->
    </test> <!-- Default test -->
  </suite> <!-- Default suite -->
</testng-results>
