<?xml version="1.0" encoding="UTF-8"?>
<testng-results skipped="0" failed="0" total="2" passed="2">
  <reporter-output>
  </reporter-output>
  <suite name="Default suite" duration-ms="9268" started-at="2023-03-20T11:02:26Z" finished-at="2023-03-20T11:02:35Z">
    <groups>
    </groups>
    <test name="Default test" duration-ms="9268" started-at="2023-03-20T11:02:26Z" finished-at="2023-03-20T11:02:35Z">
      <class name="Banqsoft.bankwinapp.winappclass">
        <test-method status="PASS" signature="setUp()[pri:0, instance:Banqsoft.bankwinapp.winappclass@6b71769e]" name="setUp" is-config="true" duration-ms="1458" started-at="2023-03-20T16:32:26Z" finished-at="2023-03-20T16:32:27Z">
          <reporter-output>
          </reporter-output>
        </test-method> <!-- setUp -->
        <test-method status="PASS" signature="testapplication()[pri:0, instance:Banqsoft.bankwinapp.winappclass@6b71769e]" name="testapplication" duration-ms="1357" started-at="2023-03-20T16:32:27Z" finished-at="2023-03-20T16:32:29Z">
          <reporter-output>
          </reporter-output>
        </test-method> <!-- testapplication -->
        <test-method status="PASS" signature="writenotes()[pri:0, instance:Banqsoft.bankwinapp.winappclass@6b71769e]" name="writenotes" duration-ms="6434" started-at="2023-03-20T16:32:29Z" finished-at="2023-03-20T16:32:35Z">
          <reporter-output>
          </reporter-output>
        </test-method> <!-- writenotes -->
        <test-method status="PASS" signature="tearDown()[pri:0, instance:Banqsoft.bankwinapp.winappclass@6b71769e]" name="tearDown" is-config="true" duration-ms="5055" started-at="2023-03-20T16:32:35Z" finished-at="2023-03-20T16:32:40Z">
          <reporter-output>
          </reporter-output>
        </test-method> <!-- tearDown -->
      </class> <!-- Banqsoft.bankwinapp.winappclass -->
    </test> <!-- Default test -->
  </suite> <!-- Default suite -->
</testng-results>
